{"C:\\Users\\ogabr\\OneDrive\\Área de Trabalho\\Projetos Web Academy\\WACAD016-TestedeSoftware\\Tp1\\src\\utils\\validacoes.js": {"path":"C:\\Users\\ogabr\\OneDrive\\Área de Trabalho\\Projetos Web Academy\\WACAD016-TestedeSoftware\\Tp1\\src\\utils\\validacoes.js","statementMap":{"0":{"start":{"line":9,"column":25},"end":{"line":9,"column":50}},"1":{"start":{"line":11,"column":2},"end":{"line":12,"column":52}},"2":{"start":{"line":11,"column":29},"end":{"line":11,"column":49}},"3":{"start":{"line":12,"column":7},"end":{"line":12,"column":52}},"4":{"start":{"line":24,"column":18},"end":{"line":30,"column":3}},"5":{"start":{"line":32,"column":28},"end":{"line":32,"column":48}},"6":{"start":{"line":35,"column":2},"end":{"line":36,"column":20}},"7":{"start":{"line":35,"column":39},"end":{"line":35,"column":51}},"8":{"start":{"line":36,"column":7},"end":{"line":36,"column":20}},"9":{"start":{"line":54,"column":14},"end":{"line":54,"column":15}},"10":{"start":{"line":55,"column":2},"end":{"line":58,"column":3}},"11":{"start":{"line":55,"column":15},"end":{"line":55,"column":16}},"12":{"start":{"line":57,"column":4},"end":{"line":57,"column":56}},"13":{"start":{"line":59,"column":2},"end":{"line":59,"column":15}},"14":{"start":{"line":62,"column":0},"end":{"line":66,"column":2}}},"fnMap":{"0":{"name":"primeiroNome","decl":{"start":{"line":7,"column":9},"end":{"line":7,"column":21}},"loc":{"start":{"line":7,"column":36},"end":{"line":13,"column":1}},"line":7},"1":{"name":"verificarDisponibilidadeEstoque","decl":{"start":{"line":23,"column":9},"end":{"line":23,"column":40}},"loc":{"start":{"line":23,"column":66},"end":{"line":37,"column":1}},"line":23},"2":{"name":"calcularPrecoTotal","decl":{"start":{"line":53,"column":9},"end":{"line":53,"column":27}},"loc":{"start":{"line":53,"column":38},"end":{"line":60,"column":1}},"line":53}},"branchMap":{"0":{"loc":{"start":{"line":11,"column":2},"end":{"line":12,"column":52}},"type":"if","locations":[{"start":{"line":11,"column":2},"end":{"line":12,"column":52}},{"start":{"line":12,"column":7},"end":{"line":12,"column":52}}],"line":11},"1":{"loc":{"start":{"line":35,"column":2},"end":{"line":36,"column":20}},"type":"if","locations":[{"start":{"line":35,"column":2},"end":{"line":36,"column":20}},{"start":{"line":36,"column":7},"end":{"line":36,"column":20}}],"line":35}},"s":{"0":2,"1":2,"2":1,"3":1,"4":3,"5":3,"6":3,"7":1,"8":2,"9":1,"10":1,"11":1,"12":3,"13":1,"14":1},"f":{"0":2,"1":3,"2":1},"b":{"0":[1,1],"1":[1,2]},"_coverageSchema":"1a1c01bbd47fc00a2c39e90264f33305004495a9","hash":"d121473597ea64375cf1caec549e7ea2a7e1285f"}
}
